Flow report for WSC
Sat Jan 15 06:49:45 2022
Quartus II 32-bit Version 13.1.0 Build 162 10/23/2013 SJ Web Edition


---------------------
; Table of Contents ;
---------------------
  1. Legal Notice
  2. Flow Summary
  3. Flow Settings
  4. Flow Non-Default Global Settings
  5. Flow Elapsed Time
  6. Flow OS Summary
  7. Flow Log
  8. Flow Messages
  9. Flow Suppressed Messages



----------------
; Legal Notice ;
----------------
Copyright (C) 1991-2013 Altera Corporation
Your use of Altera Corporation's design tools, logic functions 
and other software and tools, and its AMPP partner logic 
functions, and any output files from any of the foregoing 
(including device programming or simulation files), and any 
associated documentation or information are expressly subject 
to the terms and conditions of the Altera Program License 
Subscription Agreement, Altera MegaCore Function License 
Agreement, or other applicable license agreement, including, 
without limitation, that your use is for the sole purpose of 
programming logic devices manufactured by Altera and sold by 
Altera or its authorized distributors.  Please refer to the 
applicable agreement for further details.



+---------------------------------------------------------------------------------+
; Flow Summary                                                                    ;
+------------------------------------+--------------------------------------------+
; Flow Status                        ; Successful - Sat Jan 15 06:49:45 2022      ;
; Quartus II 32-bit Version          ; 13.1.0 Build 162 10/23/2013 SJ Web Edition ;
; Revision Name                      ; WSC                                        ;
; Top-level Entity Name              ; WSC                                        ;
; Family                             ; Cyclone IV E                               ;
; Device                             ; EP4CE115F29C7                              ;
; Timing Models                      ; Final                                      ;
; Total logic elements               ; 15 / 114,480 ( < 1 % )                     ;
;     Total combinational functions  ; 14 / 114,480 ( < 1 % )                     ;
;     Dedicated logic registers      ; 10 / 114,480 ( < 1 % )                     ;
; Total registers                    ; 10                                         ;
; Total pins                         ; 9 / 529 ( 2 % )                            ;
; Total virtual pins                 ; 0                                          ;
; Total memory bits                  ; 0 / 3,981,312 ( 0 % )                      ;
; Embedded Multiplier 9-bit elements ; 0 / 532 ( 0 % )                            ;
; Total PLLs                         ; 0 / 4 ( 0 % )                              ;
+------------------------------------+--------------------------------------------+


+-----------------------------------------+
; Flow Settings                           ;
+-------------------+---------------------+
; Option            ; Setting             ;
+-------------------+---------------------+
; Start date & time ; 01/15/2022 06:46:49 ;
; Main task         ; Compilation         ;
; Revision Name     ; WSC                 ;
+-------------------+---------------------+


+------------------------------------------------------------------------------------------------------------------------------------------------+
; Flow Non-Default Global Settings                                                                                                               ;
+-------------------------------------+-----------------------------------------------------------+---------------+-------------+----------------+
; Assignment Name                     ; Value                                                     ; Default Value ; Entity Name ; Section Id     ;
+-------------------------------------+-----------------------------------------------------------+---------------+-------------+----------------+
; COMPILER_SIGNATURE_ID               ; 8796763220477.164220040902364                             ; --            ; --          ; --             ;
; EDA_GENERATE_FUNCTIONAL_NETLIST     ; On                                                        ; --            ; --          ; eda_simulation ;
; EDA_NETLIST_WRITER_OUTPUT_DIR       ; //VBOXSVR/Lab2/Lab2/Lab2_3/simulation/qsim/               ; --            ; --          ; eda_simulation ;
; EDA_OUTPUT_DATA_FORMAT              ; Verilog Hdl                                               ; --            ; --          ; eda_simulation ;
; EDA_SIMULATION_TOOL                 ; ModelSim-Altera (Verilog)                                 ; <None>        ; --          ; --             ;
; MAX_CORE_JUNCTION_TEMP              ; 85                                                        ; --            ; --          ; --             ;
; MIN_CORE_JUNCTION_TEMP              ; 0                                                         ; --            ; --          ; --             ;
; NOMINAL_CORE_SUPPLY_VOLTAGE         ; 1.2V                                                      ; --            ; --          ; --             ;
; PARTITION_COLOR                     ; 16764057                                                  ; --            ; --          ; Top            ;
; PARTITION_FITTER_PRESERVATION_LEVEL ; PLACEMENT_AND_ROUTING                                     ; --            ; --          ; Top            ;
; PARTITION_NETLIST_TYPE              ; SOURCE                                                    ; --            ; --          ; Top            ;
; PROJECT_OUTPUT_DIRECTORY            ; output_files                                              ; --            ; --          ; --             ;
; SEARCH_PATH                         ; \\vboxsvr\lab2\lab2\lab2_3\ntuee_logicdesign_lib\elements ; --            ; --          ; --             ;
+-------------------------------------+-----------------------------------------------------------+---------------+-------------+----------------+


+-------------------------------------------------------------------------------------------------------------------------------+
; Flow Elapsed Time                                                                                                             ;
+---------------------------+--------------+-------------------------+---------------------+------------------------------------+
; Module Name               ; Elapsed Time ; Average Processors Used ; Peak Virtual Memory ; Total CPU Time (on all processors) ;
+---------------------------+--------------+-------------------------+---------------------+------------------------------------+
; Analysis & Synthesis      ; 00:00:07     ; 1.0                     ; 367 MB              ; 00:00:04                           ;
; Fitter                    ; 00:00:54     ; 1.0                     ; 738 MB              ; 00:00:49                           ;
; Assembler                 ; 00:00:21     ; 1.0                     ; 387 MB              ; 00:00:19                           ;
; TimeQuest Timing Analyzer ; 00:00:12     ; 1.0                     ; 442 MB              ; 00:00:08                           ;
; EDA Netlist Writer        ; 00:00:02     ; 1.0                     ; 329 MB              ; 00:00:02                           ;
; EDA Netlist Writer        ; 00:00:01     ; 1.0                     ; 349 MB              ; 00:00:01                           ;
; EDA Netlist Writer        ; 00:00:02     ; 1.0                     ; 352 MB              ; 00:00:01                           ;
; Total                     ; 00:01:39     ; --                      ; --                  ; 00:01:24                           ;
+---------------------------+--------------+-------------------------+---------------------+------------------------------------+


+----------------------------------------------------------------------------------------+
; Flow OS Summary                                                                        ;
+---------------------------+------------------+-----------+------------+----------------+
; Module Name               ; Machine Hostname ; OS Name   ; OS Version ; Processor type ;
+---------------------------+------------------+-----------+------------+----------------+
; Analysis & Synthesis      ; SCLD-user-PC     ; Windows 7 ; 6.1        ; i686           ;
; Fitter                    ; SCLD-user-PC     ; Windows 7 ; 6.1        ; i686           ;
; Assembler                 ; SCLD-user-PC     ; Windows 7 ; 6.1        ; i686           ;
; TimeQuest Timing Analyzer ; SCLD-user-PC     ; Windows 7 ; 6.1        ; i686           ;
; EDA Netlist Writer        ; SCLD-user-PC     ; Windows 7 ; 6.1        ; i686           ;
; EDA Netlist Writer        ; SCLD-user-PC     ; Windows 7 ; 6.1        ; i686           ;
; EDA Netlist Writer        ; SCLD-user-PC     ; Windows 7 ; 6.1        ; i686           ;
+---------------------------+------------------+-----------+------------+----------------+


------------
; Flow Log ;
------------
quartus_map --read_settings_files=on --write_settings_files=off WSC -c WSC
quartus_fit --read_settings_files=off --write_settings_files=off WSC -c WSC
quartus_asm --read_settings_files=off --write_settings_files=off WSC -c WSC
quartus_sta WSC -c WSC
quartus_eda --read_settings_files=off --write_settings_files=off WSC -c WSC
quartus_eda --gen_testbench --check_outputs=on --tool=modelsim_oem --format=verilog WSC -c WSC --vector_source=//VBOXSVR/Lab2/Lab2/Lab2_3/WSC.vwf --testbench_file=//VBOXSVR/Lab2/Lab2/Lab2_3/simulation/qsim/WSC.vwf.vt
quartus_eda --functional=on --flatten_buses=off --simulation=on --tool=modelsim_oem --format=verilog --output_directory=//VBOXSVR/Lab2/Lab2/Lab2_3/simulation/qsim/ WSC -c WSC



