Flow report for MU4
Sun Nov 21 17:04:32 2021
Quartus II 32-bit Version 13.1.0 Build 162 10/23/2013 SJ Web Edition


---------------------
; Table of Contents ;
---------------------
  1. Legal Notice
  2. Flow Summary
  3. Flow Settings
  4. Flow Non-Default Global Settings
  5. Flow Elapsed Time
  6. Flow OS Summary
  7. Flow Log
  8. Flow Messages
  9. Flow Suppressed Messages



----------------
; Legal Notice ;
----------------
Copyright (C) 1991-2013 Altera Corporation
Your use of Altera Corporation's design tools, logic functions 
and other software and tools, and its AMPP partner logic 
functions, and any output files from any of the foregoing 
(including device programming or simulation files), and any 
associated documentation or information are expressly subject 
to the terms and conditions of the Altera Program License 
Subscription Agreement, Altera MegaCore Function License 
Agreement, or other applicable license agreement, including, 
without limitation, that your use is for the sole purpose of 
programming logic devices manufactured by Altera and sold by 
Altera or its authorized distributors.  Please refer to the 
applicable agreement for further details.



+---------------------------------------------------------------------------------+
; Flow Summary                                                                    ;
+------------------------------------+--------------------------------------------+
; Flow Status                        ; Successful - Sun Nov 21 17:04:32 2021      ;
; Quartus II 32-bit Version          ; 13.1.0 Build 162 10/23/2013 SJ Web Edition ;
; Revision Name                      ; MU4                                        ;
; Top-level Entity Name              ; MU4                                        ;
; Family                             ; Cyclone IV E                               ;
; Device                             ; EP4CE115F29C7                              ;
; Timing Models                      ; Final                                      ;
; Total logic elements               ; 32 / 114,480 ( < 1 % )                     ;
;     Total combinational functions  ; 32 / 114,480 ( < 1 % )                     ;
;     Dedicated logic registers      ; 0 / 114,480 ( 0 % )                        ;
; Total registers                    ; 0                                          ;
; Total pins                         ; 16 / 529 ( 3 % )                           ;
; Total virtual pins                 ; 0                                          ;
; Total memory bits                  ; 0 / 3,981,312 ( 0 % )                      ;
; Embedded Multiplier 9-bit elements ; 0 / 532 ( 0 % )                            ;
; Total PLLs                         ; 0 / 4 ( 0 % )                              ;
+------------------------------------+--------------------------------------------+


+-----------------------------------------+
; Flow Settings                           ;
+-------------------+---------------------+
; Option            ; Setting             ;
+-------------------+---------------------+
; Start date & time ; 11/17/2021 12:11:56 ;
; Main task         ; Compilation         ;
; Revision Name     ; MU4                 ;
+-------------------+---------------------+


+--------------------------------------------------------------------------------------------------------------------+
; Flow Non-Default Global Settings                                                                                   ;
+-------------------------------------+-------------------------------+---------------+-------------+----------------+
; Assignment Name                     ; Value                         ; Default Value ; Entity Name ; Section Id     ;
+-------------------------------------+-------------------------------+---------------+-------------+----------------+
; COMPILER_SIGNATURE_ID               ; 8796763220477.163712231503416 ; --            ; --          ; --             ;
; EDA_OUTPUT_DATA_FORMAT              ; Verilog Hdl                   ; --            ; --          ; eda_simulation ;
; EDA_SIMULATION_TOOL                 ; ModelSim-Altera (Verilog)     ; <None>        ; --          ; --             ;
; MAX_CORE_JUNCTION_TEMP              ; 85                            ; --            ; --          ; --             ;
; MIN_CORE_JUNCTION_TEMP              ; 0                             ; --            ; --          ; --             ;
; NOMINAL_CORE_SUPPLY_VOLTAGE         ; 1.2V                          ; --            ; --          ; --             ;
; PARTITION_COLOR                     ; 16764057                      ; --            ; --          ; Top            ;
; PARTITION_FITTER_PRESERVATION_LEVEL ; PLACEMENT_AND_ROUTING         ; --            ; --          ; Top            ;
; PARTITION_NETLIST_TYPE              ; SOURCE                        ; --            ; --          ; Top            ;
; PROJECT_OUTPUT_DIRECTORY            ; output_files                  ; --            ; --          ; --             ;
+-------------------------------------+-------------------------------+---------------+-------------+----------------+


+-------------------------------------------------------------------------------------------------------------------------------+
; Flow Elapsed Time                                                                                                             ;
+---------------------------+--------------+-------------------------+---------------------+------------------------------------+
; Module Name               ; Elapsed Time ; Average Processors Used ; Peak Virtual Memory ; Total CPU Time (on all processors) ;
+---------------------------+--------------+-------------------------+---------------------+------------------------------------+
; Analysis & Synthesis      ; 00:00:03     ; 1.0                     ; 371 MB              ; 00:00:03                           ;
; Fitter                    ; 00:00:31     ; 1.0                     ; 705 MB              ; 00:00:30                           ;
; Assembler                 ; 00:00:15     ; 1.0                     ; 386 MB              ; 00:00:14                           ;
; TimeQuest Timing Analyzer ; 00:00:06     ; 1.0                     ; 428 MB              ; 00:00:06                           ;
; EDA Netlist Writer        ; 00:00:01     ; 1.0                     ; 337 MB              ; 00:00:02                           ;
; EDA Netlist Writer        ; 00:00:01     ; 1.0                     ; 344 MB              ; 00:00:01                           ;
; EDA Netlist Writer        ; 00:00:03     ; 1.0                     ; 347 MB              ; 00:00:01                           ;
; EDA Netlist Writer        ; 00:00:01     ; 1.0                     ; 344 MB              ; 00:00:01                           ;
; EDA Netlist Writer        ; 00:00:02     ; 1.0                     ; 347 MB              ; 00:00:01                           ;
; Total                     ; 00:01:03     ; --                      ; --                  ; 00:00:59                           ;
+---------------------------+--------------+-------------------------+---------------------+------------------------------------+


+----------------------------------------------------------------------------------------+
; Flow OS Summary                                                                        ;
+---------------------------+------------------+-----------+------------+----------------+
; Module Name               ; Machine Hostname ; OS Name   ; OS Version ; Processor type ;
+---------------------------+------------------+-----------+------------+----------------+
; Analysis & Synthesis      ; SCLD-user-PC     ; Windows 7 ; 6.1        ; i686           ;
; Fitter                    ; SCLD-user-PC     ; Windows 7 ; 6.1        ; i686           ;
; Assembler                 ; SCLD-user-PC     ; Windows 7 ; 6.1        ; i686           ;
; TimeQuest Timing Analyzer ; SCLD-user-PC     ; Windows 7 ; 6.1        ; i686           ;
; EDA Netlist Writer        ; SCLD-user-PC     ; Windows 7 ; 6.1        ; i686           ;
; EDA Netlist Writer        ; SCLD-user-PC     ; Windows 7 ; 6.1        ; i686           ;
; EDA Netlist Writer        ; SCLD-user-PC     ; Windows 7 ; 6.1        ; i686           ;
; EDA Netlist Writer        ; SCLD-user-PC     ; Windows 7 ; 6.1        ; i686           ;
; EDA Netlist Writer        ; SCLD-user-PC     ; Windows 7 ; 6.1        ; i686           ;
+---------------------------+------------------+-----------+------------+----------------+


------------
; Flow Log ;
------------
quartus_map --read_settings_files=on --write_settings_files=off MU4 -c MU4
quartus_fit --read_settings_files=off --write_settings_files=off MU4 -c MU4
quartus_asm --read_settings_files=off --write_settings_files=off MU4 -c MU4
quartus_sta MU4 -c MU4
quartus_eda --read_settings_files=off --write_settings_files=off MU4 -c MU4
quartus_eda --gen_testbench --check_outputs=on --tool=modelsim_oem --format=verilog MU4 -c MU4 --vector_source=C:/altera/MU4/Waveform.vwf --testbench_file=C:/altera/MU4/simulation/qsim/Waveform.vwf.vt
quartus_eda --functional=on --flatten_buses=off --simulation=on --tool=modelsim_oem --format=verilog --output_directory=C:/altera/MU4/simulation/qsim/ MU4 -c MU4
quartus_eda --gen_testbench --check_outputs=on --tool=modelsim_oem --format=verilog MU4 -c MU4 --vector_source=C:/altera/MU4/Waveform.vwf --testbench_file=C:/altera/MU4/simulation/qsim/Waveform.vwf.vt
quartus_eda --functional=on --flatten_buses=off --simulation=on --tool=modelsim_oem --format=verilog --output_directory=C:/altera/MU4/simulation/qsim/ MU4 -c MU4



